C51 COMPILER V9.01   IMPORT                                                                12/09/2019 10:20:02 PAGE 1   


C51 COMPILER V9.01, COMPILATION OF MODULE IMPORT
OBJECT MODULE PLACED IN import.OBJ
COMPILER INVOKED BY: D:\C51\BIN\C51.EXE import.c BROWSE DEBUG OBJECTEXTEND TABS(2)

line level    source

   1          #include"import.h"
   2          
   3          
   4          int KeyValue[2];  //用来存放读取到的键值
   5          int  b=2;
   6          int  x=0;
   7          int  change=2;
   8          int code smgduanx[17]={0xc0,0xf9,0xa4,0xb0,0x99,0x92,0x82,0xf8,
   9                    0x80,0x90,0x88,0x83,0xc6,0xa1,0x86,0x8e};//显示0~F的值
  10          
  11          /*******************************************************************************
  12          * 函 数 名         : delay
  13          * 函数功能       : 延时函数，i=1时，大约延时10us
  14          *******************************************************************************/
  15          void delayus(int i)
  16          {
  17   1        while(i--); 
  18   1      }
  19          
  20          /*******************************************************************************
  21          * 函 数 名         : KeyDown
  22          * 函数功能       : 检测有按键按下并读取键值
  23          * 输    入         : 无
  24          * 输    出         : 无
  25          *******************************************************************************/
  26          void KeyDown(void)
  27          {
  28   1        char a=0;
  29   1        GPIO_KEY=0x0f;
  30   1        if(GPIO_KEY!=0x0f)//读取按键是否按下
  31   1        {
  32   2          delay(1000);//延时10ms进行消抖
  33   2          if(GPIO_KEY!=0x0f)//再次检测键盘是否按下
  34   2          { 
  35   3            //测试列
  36   3            GPIO_KEY=0X0F;
  37   3            switch(GPIO_KEY)
  38   3            {
  39   4              case(0X07): KeyValue[x]=0;break;
  40   4              case(0X0b): KeyValue[x]=1;break;
  41   4              case(0X0d): KeyValue[x]=2;break;
  42   4              case(0X0e): KeyValue[x]=3;break;
  43   4            }
  44   3            //测试行
  45   3            GPIO_KEY=0XF0;
  46   3            switch(GPIO_KEY)
  47   3            {
  48   4              case(0X70): KeyValue[x]=KeyValue[x];break;
  49   4              case(0Xb0): KeyValue[x]=KeyValue[x]+4;break;
  50   4              case(0Xd0): KeyValue[x]=KeyValue[x]+8;break;
  51   4              case(0Xe0): KeyValue[x]=KeyValue[x]+12;break;
  52   4            }
  53   3             change--;
  54   3             
  55   3          }
C51 COMPILER V9.01   IMPORT                                                                12/09/2019 10:20:02 PAGE 2   

  56   2        }
  57   1        while((a<50)&&(GPIO_KEY!=0xf0))  //检测按键松手检测
  58   1        {
  59   2          delayus(100);
  60   2          a++;
  61   2        }
  62   1      }
  63          int set_initnumber()
  64          { 
  65   1         int sum;
  66   1         while(b>0)
  67   1         {
  68   2           while(b==change)
  69   2         {
  70   3           KeyDown();
  71   3          delayus(500);
  72   3         }
  73   2          b--;
  74   2            x++;
  75   2        }
  76   1         sum=KeyValue[0]*10+KeyValue[1];
  77   1         return sum;
  78   1      
  79   1      
  80   1      }
  81          
  82          
  83          
  84          
  85           


MODULE INFORMATION:   STATIC OVERLAYABLE
   CODE SIZE        =    312    ----
   CONSTANT SIZE    =     34    ----
   XDATA SIZE       =   ----    ----
   PDATA SIZE       =   ----    ----
   DATA SIZE        =     10       1
   IDATA SIZE       =   ----    ----
   BIT SIZE         =   ----    ----
END OF MODULE INFORMATION.


C51 COMPILATION COMPLETE.  0 WARNING(S),  0 ERROR(S)
