C51 COMPILER V9.01   MOTO                                                                  12/09/2019 10:20:02 PAGE 1   


C51 COMPILER V9.01, COMPILATION OF MODULE MOTO
OBJECT MODULE PLACED IN moto.OBJ
COMPILER INVOKED BY: D:\C51\BIN\C51.EXE moto.c BROWSE DEBUG OBJECTEXTEND TABS(2)

line level    source

   1          #include"moto.h"
   2          #include "temp.h"
   3          
   4          
   5          
   6          
   7          int pwm_control(int set_temp)
   8          {
   9   1             int PWM;
  10   1           int temp;
  11   1           temp=Ds18b20ReadTemp()*0.0625;
  12   1           if(set_temp<temp)
  13   1           {
  14   2           PWM=(temp-set_temp);
  15   2          }
  16   1      
  17   1          else  PWM=0;
  18   1      
  19   1           return PWM;
  20   1      
  21   1      }
  22             
  23          
  24          
  25          
  26          
  27          
  28          
  29          


MODULE INFORMATION:   STATIC OVERLAYABLE
   CODE SIZE        =     66    ----
   CONSTANT SIZE    =   ----    ----
   XDATA SIZE       =   ----    ----
   PDATA SIZE       =   ----    ----
   DATA SIZE        =   ----       4
   IDATA SIZE       =   ----    ----
   BIT SIZE         =   ----    ----
END OF MODULE INFORMATION.


C51 COMPILATION COMPLETE.  0 WARNING(S),  0 ERROR(S)
